<?xml version="1.0" encoding="UTF-8"?>
<!-- Generated by org.testng.reporters.JUnitReportReporter -->
<testsuite hostname="admin" name="scripts_package.Test1_Prerequisite_functions" tests="1" failures="0" timestamp="16 Sep 2014 12:20:19 GMT" time="25.611" errors="0">
  <testcase name="f1" time="25.611" classname="scripts_package.Test1_Prerequisite_functions"/>
</testsuite> <!-- scripts_package.Test1_Prerequisite_functions -->
