<?xml version="1.0" encoding="UTF-8"?>
<!-- Generated by org.testng.reporters.JUnitReportReporter -->
<testsuite hostname="admin" name="scripts_package.Test2_Imagescrolling" tests="1" failures="0" timestamp="16 Sep 2014 12:15:58 GMT" time="34.675" errors="0">
  <testcase name="f1" time="34.675" classname="scripts_package.Test2_Imagescrolling"/>
</testsuite> <!-- scripts_package.Test2_Imagescrolling -->
