<?xml version="1.0" encoding="UTF-8"?>
<!-- Generated by org.testng.reporters.JUnitReportReporter -->
<testsuite hostname="admin" name="scripts_package.Test1" tests="1" failures="0" timestamp="26 Sep 2014 06:26:57 GMT" time="13.771" errors="0">
  <testcase name="f1" time="13.771" classname="scripts_package.Test1"/>
</testsuite> <!-- scripts_package.Test1 -->
