<?xml version="1.0" encoding="UTF-8"?>
<!-- Generated by org.testng.reporters.JUnitReportReporter -->
<testsuite hostname="admin" name="scripts_package.Prerequisite_functions" tests="1" failures="0" timestamp="16 Sep 2014 09:30:13 GMT" time="20.951" errors="0">
  <testcase name="f1" time="20.951" classname="scripts_package.Prerequisite_functions"/>
</testsuite> <!-- scripts_package.Prerequisite_functions -->
