<?xml version="1.0" encoding="UTF-8"?>
<!-- Generated by org.testng.reporters.JUnitReportReporter -->
<testsuite hostname="admin" name="scripts_package.Test2" tests="1" failures="0" timestamp="26 Sep 2014 06:26:57 GMT" time="10.118" errors="0">
  <testcase name="a" time="10.118" classname="scripts_package.Test2"/>
</testsuite> <!-- scripts_package.Test2 -->
